<?xml version="1.0" encoding="UTF-8"?>
<testng-results ignored="0" total="2" passed="2" failed="0" skipped="0">
  <reporter-output>
  </reporter-output>
  <suite started-at="2022-08-16T22:47:39 PKT" name="Default suite" finished-at="2022-08-16T22:48:10 PKT" duration-ms="31603">
    <groups>
    </groups>
    <test started-at="2022-08-16T22:47:39 PKT" name="Default test" finished-at="2022-08-16T22:48:10 PKT" duration-ms="31603">
      <class name="Test.GoogleSearch_Test">
        <test-method is-config="true" signature="setup()[pri:0, instance:Test.GoogleSearch_Test@57af006c]" started-at="2022-08-16T22:47:39 PKT" name="setup" finished-at="2022-08-16T22:47:47 PKT" duration-ms="7966" status="PASS">
          <reporter-output>
          </reporter-output>
        </test-method> <!-- setup -->
        <test-method signature="DarkTheme()[pri:0, instance:Test.GoogleSearch_Test@57af006c]" started-at="2022-08-16T22:47:47 PKT" name="DarkTheme" finished-at="2022-08-16T22:47:56 PKT" duration-ms="9328" status="PASS">
          <reporter-output>
          </reporter-output>
        </test-method> <!-- DarkTheme -->
        <test-method signature="GoogleSearch()[pri:0, instance:Test.GoogleSearch_Test@57af006c]" started-at="2022-08-16T22:47:56 PKT" name="GoogleSearch" finished-at="2022-08-16T22:48:07 PKT" duration-ms="10674" status="PASS">
          <reporter-output>
          </reporter-output>
        </test-method> <!-- GoogleSearch -->
        <test-method is-config="true" signature="CloseDriver()[pri:0, instance:Test.GoogleSearch_Test@57af006c]" started-at="2022-08-16T22:48:07 PKT" name="CloseDriver" finished-at="2022-08-16T22:48:10 PKT" duration-ms="3383" status="PASS">
          <reporter-output>
          </reporter-output>
        </test-method> <!-- CloseDriver -->
      </class> <!-- Test.GoogleSearch_Test -->
    </test> <!-- Default test -->
  </suite> <!-- Default suite -->
</testng-results>
